Performing C SOURCE FILE Test CMAKE_HAVE_LIBC_PTHREAD failed with the following output:
Change Dir: /home/avelinpv/Skola/4an/dgi/lab3/CgLab3/CMakeFiles/CMakeTmp

Run Build Command(s):/usr/bin/make cmTC_ca885/fast && /usr/bin/make -f CMakeFiles/cmTC_ca885.dir/build.make CMakeFiles/cmTC_ca885.dir/build
make[1]: Entering directory '/home/avelinpv/Skola/4an/dgi/lab3/CgLab3/CMakeFiles/CMakeTmp'
Building C object CMakeFiles/cmTC_ca885.dir/src.c.o
/usr/bin/cc   -DCMAKE_HAVE_LIBC_PTHREAD   -o CMakeFiles/cmTC_ca885.dir/src.c.o   -c /home/avelinpv/Skola/4an/dgi/lab3/CgLab3/CMakeFiles/CMakeTmp/src.c
Linking C executable cmTC_ca885
/usr/local/bin/cmake -E cmake_link_script CMakeFiles/cmTC_ca885.dir/link.txt --verbose=1
/usr/bin/cc  -DCMAKE_HAVE_LIBC_PTHREAD    -rdynamic CMakeFiles/cmTC_ca885.dir/src.c.o  -o cmTC_ca885 
CMakeFiles/cmTC_ca885.dir/src.c.o: In function `main':
src.c:(.text+0x3e): undefined reference to `pthread_create'
src.c:(.text+0x4a): undefined reference to `pthread_detach'
src.c:(.text+0x5b): undefined reference to `pthread_join'
src.c:(.text+0x6f): undefined reference to `pthread_atfork'
collect2: error: ld returned 1 exit status
CMakeFiles/cmTC_ca885.dir/build.make:86: recipe for target 'cmTC_ca885' failed
make[1]: *** [cmTC_ca885] Error 1
make[1]: Leaving directory '/home/avelinpv/Skola/4an/dgi/lab3/CgLab3/CMakeFiles/CMakeTmp'
Makefile:121: recipe for target 'cmTC_ca885/fast' failed
make: *** [cmTC_ca885/fast] Error 2


Source file was:
#include <pthread.h>

void* test_func(void* data)
{
  return data;
}

int main(void)
{
  pthread_t thread;
  pthread_create(&thread, NULL, test_func, NULL);
  pthread_detach(thread);
  pthread_join(thread, NULL);
  pthread_atfork(NULL, NULL, NULL);
  pthread_exit(NULL);

  return 0;
}

Determining if the function pthread_create exists in the pthreads failed with the following output:
Change Dir: /home/avelinpv/Skola/4an/dgi/lab3/CgLab3/CMakeFiles/CMakeTmp

Run Build Command(s):/usr/bin/make cmTC_54e2f/fast && /usr/bin/make -f CMakeFiles/cmTC_54e2f.dir/build.make CMakeFiles/cmTC_54e2f.dir/build
make[1]: Entering directory '/home/avelinpv/Skola/4an/dgi/lab3/CgLab3/CMakeFiles/CMakeTmp'
Building C object CMakeFiles/cmTC_54e2f.dir/CheckFunctionExists.c.o
/usr/bin/cc   -DCHECK_FUNCTION_EXISTS=pthread_create   -o CMakeFiles/cmTC_54e2f.dir/CheckFunctionExists.c.o   -c /usr/local/share/cmake-3.15/Modules/CheckFunctionExists.c
Linking C executable cmTC_54e2f
/usr/local/bin/cmake -E cmake_link_script CMakeFiles/cmTC_54e2f.dir/link.txt --verbose=1
/usr/bin/cc  -DCHECK_FUNCTION_EXISTS=pthread_create    -rdynamic CMakeFiles/cmTC_54e2f.dir/CheckFunctionExists.c.o  -o cmTC_54e2f -lpthreads 
/usr/bin/ld: cannot find -lpthreads
collect2: error: ld returned 1 exit status
CMakeFiles/cmTC_54e2f.dir/build.make:86: recipe for target 'cmTC_54e2f' failed
make[1]: *** [cmTC_54e2f] Error 1
make[1]: Leaving directory '/home/avelinpv/Skola/4an/dgi/lab3/CgLab3/CMakeFiles/CMakeTmp'
Makefile:121: recipe for target 'cmTC_54e2f/fast' failed
make: *** [cmTC_54e2f/fast] Error 2



Performing C SOURCE FILE Test CMAKE_HAVE_LIBC_PTHREAD failed with the following output:
Change Dir: /home/avelinpv/Skola/4an/dgi/project/DH2323_project/CMakeFiles/CMakeTmp

Run Build Command(s):/usr/bin/make cmTC_e8b0e/fast && /usr/bin/make -f CMakeFiles/cmTC_e8b0e.dir/build.make CMakeFiles/cmTC_e8b0e.dir/build
make[1]: Entering directory '/home/avelinpv/Skola/4an/dgi/project/DH2323_project/CMakeFiles/CMakeTmp'
Building C object CMakeFiles/cmTC_e8b0e.dir/src.c.o
/usr/bin/cc   -DCMAKE_HAVE_LIBC_PTHREAD   -o CMakeFiles/cmTC_e8b0e.dir/src.c.o   -c /home/avelinpv/Skola/4an/dgi/project/DH2323_project/CMakeFiles/CMakeTmp/src.c
Linking C executable cmTC_e8b0e
/usr/local/bin/cmake -E cmake_link_script CMakeFiles/cmTC_e8b0e.dir/link.txt --verbose=1
/usr/bin/cc  -DCMAKE_HAVE_LIBC_PTHREAD    -rdynamic CMakeFiles/cmTC_e8b0e.dir/src.c.o  -o cmTC_e8b0e 
/usr/bin/ld: CMakeFiles/cmTC_e8b0e.dir/src.c.o: in function `main':
src.c:(.text+0x46): undefined reference to `pthread_create'
/usr/bin/ld: src.c:(.text+0x52): undefined reference to `pthread_detach'
/usr/bin/ld: src.c:(.text+0x63): undefined reference to `pthread_join'
collect2: error: ld returned 1 exit status
make[1]: *** [CMakeFiles/cmTC_e8b0e.dir/build.make:87: cmTC_e8b0e] Error 1
make[1]: Leaving directory '/home/avelinpv/Skola/4an/dgi/project/DH2323_project/CMakeFiles/CMakeTmp'
make: *** [Makefile:121: cmTC_e8b0e/fast] Error 2


Source file was:
#include <pthread.h>

void* test_func(void* data)
{
  return data;
}

int main(void)
{
  pthread_t thread;
  pthread_create(&thread, NULL, test_func, NULL);
  pthread_detach(thread);
  pthread_join(thread, NULL);
  pthread_atfork(NULL, NULL, NULL);
  pthread_exit(NULL);

  return 0;
}

Determining if the function pthread_create exists in the pthreads failed with the following output:
Change Dir: /home/avelinpv/Skola/4an/dgi/project/DH2323_project/CMakeFiles/CMakeTmp

Run Build Command(s):/usr/bin/make cmTC_b84de/fast && /usr/bin/make -f CMakeFiles/cmTC_b84de.dir/build.make CMakeFiles/cmTC_b84de.dir/build
make[1]: Entering directory '/home/avelinpv/Skola/4an/dgi/project/DH2323_project/CMakeFiles/CMakeTmp'
Building C object CMakeFiles/cmTC_b84de.dir/CheckFunctionExists.c.o
/usr/bin/cc   -DCHECK_FUNCTION_EXISTS=pthread_create   -o CMakeFiles/cmTC_b84de.dir/CheckFunctionExists.c.o   -c /usr/local/share/cmake-3.15/Modules/CheckFunctionExists.c
Linking C executable cmTC_b84de
/usr/local/bin/cmake -E cmake_link_script CMakeFiles/cmTC_b84de.dir/link.txt --verbose=1
/usr/bin/cc  -DCHECK_FUNCTION_EXISTS=pthread_create    -rdynamic CMakeFiles/cmTC_b84de.dir/CheckFunctionExists.c.o  -o cmTC_b84de -lpthreads 
/usr/bin/ld: cannot find -lpthreads
collect2: error: ld returned 1 exit status
make[1]: *** [CMakeFiles/cmTC_b84de.dir/build.make:87: cmTC_b84de] Error 1
make[1]: Leaving directory '/home/avelinpv/Skola/4an/dgi/project/DH2323_project/CMakeFiles/CMakeTmp'
make: *** [Makefile:121: cmTC_b84de/fast] Error 2



